Arguments: 
  /Users/ge-hall/.nvm/versions/node/v8.11.4/bin/node /usr/local/Cellar/yarn/1.12.3/libexec/bin/yarn.js start

PATH: 
  /Users/ge-hall/.cargo/bin:/Users/ge-hall/Library/Python/3.7/bin:/Users/ge-hall/Library/Python/3.7/bin:/Library/PostgreSQL/10/bin/:/usr/local/bin:/usr/bin:/bin:/usr/sbin:/sbin:/usr/local/MacGPG2/bin:/usr/local/share/dotnet:~/.dotnet/tools:/Library/Frameworks/Mono.framework/Versions/Current/Commands:/Users/ge-hall/.cargo/bin:/Users/ge-hall/Library/Python/3.7/bin:/Library/PostgreSQL/10/bin/:/Users/ge-hall/.nvm/versions/node/v8.11.4/bin

Yarn version: 
  1.12.3

Node version: 
  8.11.4

Platform: 
  darwin x64

Trace: 
  SyntaxError: /Users/ge-hall/Documents/Code/outside-cli/package.json: Unexpected string in JSON at position 145
      at JSON.parse (<anonymous>)
      at /usr/local/Cellar/yarn/1.12.3/libexec/lib/cli.js:1631:59
      at Generator.next (<anonymous>)
      at step (/usr/local/Cellar/yarn/1.12.3/libexec/lib/cli.js:304:30)
      at /usr/local/Cellar/yarn/1.12.3/libexec/lib/cli.js:315:13
      at <anonymous>

npm manifest: 
  {
    "name": "outside-cli",
    "version": "1.0.0",
    "description": "Weather cli app",
    "main": "index.js",
    "scripts": {
      "start": "bin"
      "test": "echo \"Error: no test specified\" && exit 1"
    },
    "bin": {
      "outside": "bin/outside"
    },
    "repository": {
      "type": "git",
      "url": "git+https://github.com/ge-hall/outside-sli.git"
    },
    "keywords": [
      "weather"
    ],
    "author": "Andrew Gre-Hall",
    "license": "ISC",
    "bugs": {
      "url": "https://github.com/ge-hall/outside-sli/issues"
    },
    "homepage": "https://github.com/ge-hall/outside-sli#readme",
    "dependencies": {
      "minimist": "^1.2.0"
    }
  }

yarn manifest: 
  No manifest

Lockfile: 
  # THIS IS AN AUTOGENERATED FILE. DO NOT EDIT THIS FILE DIRECTLY.
  # yarn lockfile v1
  
  
  minimist@^1.2.0:
    version "1.2.0"
    resolved "https://registry.yarnpkg.com/minimist/-/minimist-1.2.0.tgz#a35008b20f41383eec1fb914f4cd5df79a264284"
    integrity sha1-o1AIsg9BOD7sH7kU9M1d95omQoQ=
